<?xml version="1.0" encoding="UTF-8"?>
<beans xmlns="http://www.springframework.org/schema/beans"
       xmlns:xsi="http://www.w3.org/2001/XMLSchema-instance"
       xmlns:context="http://www.springframework.org/schema/context"
       xmlns:tx="http://www.springframework.org/schema/tx"
              xmlns:aop="http://www.springframework.org/schema/aop"
       xsi:schemaLocation="http://www.springframework.org/schema/beans
                           http://www.springframework.org/schema/beans/spring-beans.xsd
                           http://www.springframework.org/schema/mvc
                           http://www.springframework.org/schema/mvc/spring-mvc.xsd
                           http://www.springframework.org/schema/tx 
                           http://www.springframework.org/schema/tx/spring-tx-3.0.xsd
                           http://www.springframework.org/schema/context
                           http://www.springframework.org/schema/context/spring-context.xsd
       http://www.springframework.org/schema/aop http://www.springframework.org/schema/aop/spring-aop-3.2.xsd"> 

    <!-- Bean definitions go here -->
    <tx:annotation-driven/>
    <bean id="dataSource" class="org.apache.commons.dbcp2.BasicDataSource">
        <property name="driverClassName" value="com.mysql.jdbc.Driver"/>
        <property name="url" value="jdbc:mysql://localhost:3306/supersightings_test"/>
        <property name="username" value="root" />
        <property name="password" value="root" />
        <property name="initialSize" value="5" />
        <property name="maxTotal" value="10" />
    </bean>
    <bean id="transactionManager" class="org.springframework.jdbc.datasource.DataSourceTransactionManager">
        <property name="dataSource" ref="dataSource" />
    </bean>
    <bean id="jdbcTemplate" class="org.springframework.jdbc.core.JdbcTemplate">
        <property name="dataSource" ref="dataSource" />
    </bean>

    <bean id="locationDao" class="com.sg.dao.LocationDaoImpl"/>
    <bean id="organizationDao" class="com.sg.dao.OrganizationDaoImpl"/>
    <bean id="personDao" class="com.sg.dao.PersonDaoImpl"/>
    <bean id="personOrgDao" class="com.sg.dao.PersonOrganizationDaoImpl"/>
    <bean id="personPowerDao" class="com.sg.dao.PersonPowerDaoImpl"/>
    <bean id="personSightingDao" class="com.sg.dao.PersonSightingDaoImpl"/>
    <bean id="powerDao" class="com.sg.dao.PowerDaoImpl"/>
    <bean id="sightingDao" class="com.sg.dao.SightingDaoImpl"/>

    <bean id="locationService" class="com.sg.service.LocationServiceImpl"/>
    <bean id="organizationService" class="com.sg.service.OrganizationServiceImpl"/>
    <bean id="personService" class="com.sg.service.PersonServiceImpl"/>
    <bean id="personOrgService" class="com.sg.service.PersonOrganizationServiceImpl"/>
    <bean id="personPowerService" class="com.sg.service.PersonPowerServiceImpl"/>
    <bean id="personSightingService" class="com.sg.service.PersonSightingServiceImpl"/>
    <bean id="powerService" class="com.sg.service.PowerServiceImpl"/>
    <bean id="sightingService" class="com.sg.service.SightingServiceImpl"/>

    <bean id="homePageWebService" class="com.sg.webservice.home.HomePageWebServiceImpl"/>
    <bean id="createListLocationWebService" class="com.sg.webservice.location.CreateListLocationWebServiceImpl"/>
    <bean id="editLocationWebService" class="com.sg.webservice.location.EditLocationWebServiceImpl"/>
    <bean id="locationProfileWebService" class="com.sg.webservice.location.LocationProfileWebServiceImpl"/>
    <bean id="createListOrgWebService" class="com.sg.webservice.organization.CreateListOrgWebServiceImpl"/>
    <bean id="editOrgWebService" class="com.sg.webservice.organization.EditOrgWebServiceImpl"/>
    <bean id="orgProfileWebService" class="com.sg.webservice.organization.OrgProfileWebServiceImpl"/>
    <bean id="createListPersonWebService" class="com.sg.webservice.people.CreateListPersonWebServiceImpl"/>
    <bean id="editPersonWebService" class="com.sg.webservice.people.EditPersonWebServiceImpl"/>
    <bean id="personProfileWebService" class="com.sg.webservice.people.PersonProfileWebServiceImpl"/>
    <bean id="createListPowerWebService" class="com.sg.webservice.power.CreateListPowerWebServiceImpl"/>
    <bean id="editPowerWebService" class="com.sg.webservice.power.EditPowerWebServiceImpl"/>
    <bean id="createListSightingWebService" class="com.sg.webservice.sighting.CreateListSightingWebServiceImpl"/>
    <bean id="editSightingWebService" class="com.sg.webservice.sighting.EditSightingWebServiceImpl"/>
    <bean id="sightingProfileWebService" class="com.sg.webservice.sighting.SightingProfileWebServiceImpl"/>

    <bean id="helperMethods" class="com.sg.util.TestHelperMethods" />
</beans>
