<?xml version="1.0" encoding="UTF-8" ?>
<testsuite tests="2" failures="0" name="com.sg.webservice.organization.EditOrgWebServiceImplTest" time="51.234" errors="1" skipped="0">
  <properties>
    <property name="idea.version" value="2017.3.4"/>
    <property name="java.runtime.name" value="Java(TM) SE Runtime Environment"/>
    <property name="sun.boot.library.path" value="C:\Program Files\Java\jdk1.8.0_161\jre\bin"/>
    <property name="java.vm.version" value="25.161-b12"/>
    <property name="java.vm.vendor" value="Oracle Corporation"/>
    <property name="maven.multiModuleProjectDirectory" value="C:\Users\n0250996\Desktop\repos\taylor-lapointe-individual-work\SuperSightings"/>
    <property name="java.vendor.url" value="http://java.oracle.com/"/>
    <property name="path.separator" value=";"/>
    <property name="guice.disable.misplaced.annotation.check" value="true"/>
    <property name="java.vm.name" value="Java HotSpot(TM) 64-Bit Server VM"/>
    <property name="file.encoding.pkg" value="sun.io"/>
    <property name="user.script" value=""/>
    <property name="user.country" value="US"/>
    <property name="sun.java.launcher" value="SUN_STANDARD"/>
    <property name="sun.os.patch.level" value=""/>
    <property name="java.vm.specification.name" value="Java Virtual Machine Specification"/>
    <property name="user.dir" value="C:\Users\n0250996\Desktop\repos\taylor-lapointe-individual-work\SuperSightings"/>
    <property name="java.runtime.version" value="1.8.0_161-b12"/>
    <property name="java.awt.graphicsenv" value="sun.awt.Win32GraphicsEnvironment"/>
    <property name="java.endorsed.dirs" value="C:\Program Files\Java\jdk1.8.0_161\jre\lib\endorsed"/>
    <property name="os.arch" value="amd64"/>
    <property name="java.io.tmpdir" value="C:\Users\n0250996\AppData\Local\Temp\"/>
    <property name="line.separator" value="
"/>
    <property name="java.vm.specification.vendor" value="Oracle Corporation"/>
    <property name="user.variant" value=""/>
    <property name="os.name" value="Windows 10"/>
    <property name="classworlds.conf" value="C:\Program Files\JetBrains\IntelliJ IDEA 2017.3.4\plugins\maven\lib\maven3\bin\m2.conf"/>
    <property name="sun.jnu.encoding" value="Cp1252"/>
    <property name="java.library.path" value="C:\Program Files\Java\jdk1.8.0_161\bin;C:\WINDOWS\Sun\Java\bin;C:\WINDOWS\system32;C:\WINDOWS;C:\ProgramData\Oracle\Java\javapath;C:\Program Files (x86)\RSA SecurID Token Common;C:\WINDOWS\system32;C:\WINDOWS;C:\WINDOWS\System32\Wbem;C:\WINDOWS\System32\WindowsPowerShell\v1.0\;C:\Program Files\Intel\WiFi\bin\;C:\Program Files\Common Files\Intel\WirelessCommon\;C:\Users\n0250996\Documents\maven\bin;C:\Program Files (x86)\Brackets\command;C:\Program Files\MySQL\MySQL Utilities 1.6\;C:\Users\n0250996\AppData\Local\Microsoft\WindowsApps;C:\Program Files\Java\jdk1.8.0_161;C:\Users\n0250996\AppData\Local\atom\bin;."/>
    <property name="java.specification.name" value="Java Platform API Specification"/>
    <property name="java.class.version" value="52.0"/>
    <property name="sun.management.compiler" value="HotSpot 64-Bit Tiered Compilers"/>
    <property name="os.version" value="10.0"/>
    <property name="user.home" value="C:\Users\n0250996"/>
    <property name="user.timezone" value="America/New_York"/>
    <property name="java.awt.printerjob" value="sun.awt.windows.WPrinterJob"/>
    <property name="java.specification.version" value="1.8"/>
    <property name="file.encoding" value="UTF-8"/>
    <property name="user.name" value="n0250996"/>
    <property name="java.class.path" value="C:\Program Files\JetBrains\IntelliJ IDEA 2017.3.4\plugins\maven\lib\maven3\boot\plexus-classworlds-2.5.2.jar;C:\Program Files\JetBrains\IntelliJ IDEA 2017.3.4\lib\idea_rt.jar"/>
    <property name="java.vm.specification.version" value="1.8"/>
    <property name="sun.arch.data.model" value="64"/>
    <property name="java.home" value="C:\Program Files\Java\jdk1.8.0_161\jre"/>
    <property name="sun.java.command" value="org.codehaus.classworlds.Launcher -Didea.version=2017.3.4 install"/>
    <property name="java.specification.vendor" value="Oracle Corporation"/>
    <property name="user.language" value="en"/>
    <property name="awt.toolkit" value="sun.awt.windows.WToolkit"/>
    <property name="java.vm.info" value="mixed mode"/>
    <property name="java.version" value="1.8.0_161"/>
    <property name="java.ext.dirs" value="C:\Program Files\Java\jdk1.8.0_161\jre\lib\ext;C:\WINDOWS\Sun\Java\lib\ext"/>
    <property name="sun.boot.class.path" value="C:\Program Files\Java\jdk1.8.0_161\jre\lib\resources.jar;C:\Program Files\Java\jdk1.8.0_161\jre\lib\rt.jar;C:\Program Files\Java\jdk1.8.0_161\jre\lib\sunrsasign.jar;C:\Program Files\Java\jdk1.8.0_161\jre\lib\jsse.jar;C:\Program Files\Java\jdk1.8.0_161\jre\lib\jce.jar;C:\Program Files\Java\jdk1.8.0_161\jre\lib\charsets.jar;C:\Program Files\Java\jdk1.8.0_161\jre\lib\jfr.jar;C:\Program Files\Java\jdk1.8.0_161\jre\classes"/>
    <property name="java.vendor" value="Oracle Corporation"/>
    <property name="maven.home" value="C:\Program Files\JetBrains\IntelliJ IDEA 2017.3.4\plugins\maven\lib\maven3"/>
    <property name="file.separator" value="\"/>
    <property name="java.vendor.url.bug" value="http://bugreport.sun.com/bugreport/"/>
    <property name="sun.cpu.endian" value="little"/>
    <property name="sun.io.unicode.encoding" value="UnicodeLittle"/>
    <property name="sun.desktop" value="windows"/>
    <property name="sun.cpu.isalist" value="amd64"/>
  </properties>
  <testcase classname="com.sg.webservice.organization.EditOrgWebServiceImplTest" name="getEditOrgViewModel" time="0.02"/>
  <testcase classname="com.sg.webservice.organization.EditOrgWebServiceImplTest" name="saveEditOrgCmdModel" time="51.214">
    <error message="PreparedStatementCallback; SQL [update organization set name = ?, description = ?, location_id = ?]; Lock wait timeout exceeded; try restarting transaction; nested exception is java.sql.SQLException: Lock wait timeout exceeded; try restarting transaction" type="org.springframework.dao.CannotAcquireLockException">org.springframework.dao.CannotAcquireLockException: PreparedStatementCallback; SQL [update organization set name = ?, description = ?, location_id = ?]; Lock wait timeout exceeded; try restarting transaction; nested exception is java.sql.SQLException: Lock wait timeout exceeded; try restarting transaction
	at org.springframework.jdbc.support.SQLErrorCodeSQLExceptionTranslator.doTranslate(SQLErrorCodeSQLExceptionTranslator.java:259)
	at org.springframework.jdbc.support.AbstractFallbackSQLExceptionTranslator.translate(AbstractFallbackSQLExceptionTranslator.java:73)
	at org.springframework.jdbc.core.JdbcTemplate.execute(JdbcTemplate.java:649)
	at org.springframework.jdbc.core.JdbcTemplate.update(JdbcTemplate.java:870)
	at org.springframework.jdbc.core.JdbcTemplate.update(JdbcTemplate.java:931)
	at org.springframework.jdbc.core.JdbcTemplate.update(JdbcTemplate.java:941)
	at com.sg.dao.OrganizationDaoImpl.update(OrganizationDaoImpl.java:75)
	at sun.reflect.NativeMethodAccessorImpl.invoke0(Native Method)
	at sun.reflect.NativeMethodAccessorImpl.invoke(NativeMethodAccessorImpl.java:62)
	at sun.reflect.DelegatingMethodAccessorImpl.invoke(DelegatingMethodAccessorImpl.java:43)
	at java.lang.reflect.Method.invoke(Method.java:498)
	at org.springframework.aop.support.AopUtils.invokeJoinpointUsingReflection(AopUtils.java:333)
	at org.springframework.aop.framework.JdkDynamicAopProxy.invoke(JdkDynamicAopProxy.java:207)
	at com.sun.proxy.$Proxy15.update(Unknown Source)
	at com.sg.service.OrganizationServiceImpl.update(OrganizationServiceImpl.java:32)
	at com.sg.webservice.organization.EditOrgWebServiceImpl.saveEditOrgCmdModel(EditOrgWebServiceImpl.java:81)
	at com.sg.webservice.organization.EditOrgWebServiceImplTest.saveEditOrgCmdModel(EditOrgWebServiceImplTest.java:80)
	at sun.reflect.NativeMethodAccessorImpl.invoke0(Native Method)
	at sun.reflect.NativeMethodAccessorImpl.invoke(NativeMethodAccessorImpl.java:62)
	at sun.reflect.DelegatingMethodAccessorImpl.invoke(DelegatingMethodAccessorImpl.java:43)
	at java.lang.reflect.Method.invoke(Method.java:498)
	at org.junit.runners.model.FrameworkMethod$1.runReflectiveCall(FrameworkMethod.java:50)
	at org.junit.internal.runners.model.ReflectiveCallable.run(ReflectiveCallable.java:12)
	at org.junit.runners.model.FrameworkMethod.invokeExplosively(FrameworkMethod.java:47)
	at org.junit.internal.runners.statements.InvokeMethod.evaluate(InvokeMethod.java:17)
	at org.springframework.test.context.junit4.statements.RunBeforeTestMethodCallbacks.evaluate(RunBeforeTestMethodCallbacks.java:75)
	at org.springframework.test.context.junit4.statements.RunAfterTestMethodCallbacks.evaluate(RunAfterTestMethodCallbacks.java:86)
	at org.springframework.test.context.junit4.statements.SpringRepeat.evaluate(SpringRepeat.java:84)
	at org.junit.runners.ParentRunner.runLeaf(ParentRunner.java:325)
	at org.springframework.test.context.junit4.SpringJUnit4ClassRunner.runChild(SpringJUnit4ClassRunner.java:252)
	at org.springframework.test.context.junit4.SpringJUnit4ClassRunner.runChild(SpringJUnit4ClassRunner.java:94)
	at org.junit.runners.ParentRunner$3.run(ParentRunner.java:290)
	at org.junit.runners.ParentRunner$1.schedule(ParentRunner.java:71)
	at org.junit.runners.ParentRunner.runChildren(ParentRunner.java:288)
	at org.junit.runners.ParentRunner.access$000(ParentRunner.java:58)
	at org.junit.runners.ParentRunner$2.evaluate(ParentRunner.java:268)
	at org.springframework.test.context.junit4.statements.RunBeforeTestClassCallbacks.evaluate(RunBeforeTestClassCallbacks.java:61)
	at org.springframework.test.context.junit4.statements.RunAfterTestClassCallbacks.evaluate(RunAfterTestClassCallbacks.java:70)
	at org.junit.runners.ParentRunner.run(ParentRunner.java:363)
	at org.springframework.test.context.junit4.SpringJUnit4ClassRunner.run(SpringJUnit4ClassRunner.java:191)
	at org.apache.maven.surefire.junit4.JUnit4Provider.execute(JUnit4Provider.java:252)
	at org.apache.maven.surefire.junit4.JUnit4Provider.executeTestSet(JUnit4Provider.java:141)
	at org.apache.maven.surefire.junit4.JUnit4Provider.invoke(JUnit4Provider.java:112)
	at sun.reflect.NativeMethodAccessorImpl.invoke0(Native Method)
	at sun.reflect.NativeMethodAccessorImpl.invoke(NativeMethodAccessorImpl.java:62)
	at sun.reflect.DelegatingMethodAccessorImpl.invoke(DelegatingMethodAccessorImpl.java:43)
	at java.lang.reflect.Method.invoke(Method.java:498)
	at org.apache.maven.surefire.util.ReflectionUtils.invokeMethodWithArray(ReflectionUtils.java:189)
	at org.apache.maven.surefire.booter.ProviderFactory$ProviderProxy.invoke(ProviderFactory.java:165)
	at org.apache.maven.surefire.booter.ProviderFactory.invokeProvider(ProviderFactory.java:85)
	at org.apache.maven.surefire.booter.ForkedBooter.runSuitesInProcess(ForkedBooter.java:115)
	at org.apache.maven.surefire.booter.ForkedBooter.main(ForkedBooter.java:75)
Caused by: java.sql.SQLException: Lock wait timeout exceeded; try restarting transaction
	at com.mysql.jdbc.SQLError.createSQLException(SQLError.java:998)
	at com.mysql.jdbc.MysqlIO.checkErrorPacket(MysqlIO.java:3847)
	at com.mysql.jdbc.MysqlIO.checkErrorPacket(MysqlIO.java:3783)
	at com.mysql.jdbc.MysqlIO.sendCommand(MysqlIO.java:2447)
	at com.mysql.jdbc.MysqlIO.sqlQueryDirect(MysqlIO.java:2594)
	at com.mysql.jdbc.ConnectionImpl.execSQL(ConnectionImpl.java:2545)
	at com.mysql.jdbc.PreparedStatement.executeInternal(PreparedStatement.java:1901)
	at com.mysql.jdbc.PreparedStatement.executeUpdate(PreparedStatement.java:2113)
	at com.mysql.jdbc.PreparedStatement.executeUpdate(PreparedStatement.java:2049)
	at com.mysql.jdbc.PreparedStatement.executeUpdate(PreparedStatement.java:2034)
	at org.apache.commons.dbcp2.DelegatingPreparedStatement.executeUpdate(DelegatingPreparedStatement.java:98)
	at org.apache.commons.dbcp2.DelegatingPreparedStatement.executeUpdate(DelegatingPreparedStatement.java:98)
	at org.springframework.jdbc.core.JdbcTemplate$2.doInPreparedStatement(JdbcTemplate.java:877)
	at org.springframework.jdbc.core.JdbcTemplate$2.doInPreparedStatement(JdbcTemplate.java:870)
	at org.springframework.jdbc.core.JdbcTemplate.execute(JdbcTemplate.java:633)
	... 49 more
</error>
    <system-err>Apr 11, 2018 9:01:02 PM org.springframework.test.context.transaction.TransactionContext startTransaction
INFO: Began transaction (1) for test context [DefaultTestContext@71466383 testClass = EditOrgWebServiceImplTest, testInstance = com.sg.webservice.organization.EditOrgWebServiceImplTest@4893b344, testMethod = saveEditOrgCmdModel@EditOrgWebServiceImplTest, testException = [null], mergedContextConfiguration = [MergedContextConfiguration@6c806c8b testClass = EditOrgWebServiceImplTest, locations = &apos;{classpath:/test-applicationContext.xml}&apos;, classes = &apos;{}&apos;, contextInitializerClasses = &apos;[]&apos;, activeProfiles = &apos;{}&apos;, propertySourceLocations = &apos;{}&apos;, propertySourceProperties = &apos;{}&apos;, contextCustomizers = set[[empty]], contextLoader = &apos;org.springframework.test.context.support.DelegatingSmartContextLoader&apos;, parent = [null]]]; transaction manager [org.springframework.jdbc.datasource.DataSourceTransactionManager@14dd7b39]; rollback [true]
Apr 11, 2018 9:01:53 PM org.springframework.test.context.transaction.TransactionContext endTransaction
INFO: Rolled back transaction for test context [DefaultTestContext@71466383 testClass = EditOrgWebServiceImplTest, testInstance = com.sg.webservice.organization.EditOrgWebServiceImplTest@4893b344, testMethod = saveEditOrgCmdModel@EditOrgWebServiceImplTest, testException = org.springframework.dao.CannotAcquireLockException: PreparedStatementCallback; SQL [update organization set name = ?, description = ?, location_id = ?]; Lock wait timeout exceeded; try restarting transaction; nested exception is java.sql.SQLException: Lock wait timeout exceeded; try restarting transaction, mergedContextConfiguration = [MergedContextConfiguration@6c806c8b testClass = EditOrgWebServiceImplTest, locations = &apos;{classpath:/test-applicationContext.xml}&apos;, classes = &apos;{}&apos;, contextInitializerClasses = &apos;[]&apos;, activeProfiles = &apos;{}&apos;, propertySourceLocations = &apos;{}&apos;, propertySourceProperties = &apos;{}&apos;, contextCustomizers = set[[empty]], contextLoader = &apos;org.springframework.test.context.support.DelegatingSmartContextLoader&apos;, parent = [null]]].
</system-err>
  </testcase>
</testsuite>